<?xml version="1.0" encoding="UTF-8"?>
<!-- Generated by org.testng.reporters.JUnitReportReporter -->
<testsuite hostname="HARSHITA" failures="0" tests="1" name="VerifyErrorMessage.VerifyErrorMessage" time="13.925" errors="0" timestamp="17 Aug 2018 01:59:28 GMT" skipped="0">
  <testcase classname="VerifyErrorMessage.VerifyErrorMessage" name="Check" time="13.925"/>
</testsuite> <!-- VerifyErrorMessage.VerifyErrorMessage -->
