<?xml version="1.0" encoding="UTF-8"?>
<!-- Generated by org.testng.reporters.JUnitReportReporter -->
<testsuite hostname="HARSHITA" failures="0" tests="1" name="VerifyErrorMessage.VerifyErrorMessage2" time="13.217" errors="0" timestamp="17 Aug 2018 02:09:30 GMT" skipped="0">
  <testcase classname="VerifyErrorMessage.VerifyErrorMessage2" name="MyCheck" time="13.217"/>
</testsuite> <!-- VerifyErrorMessage.VerifyErrorMessage2 -->
